Reading input file: example_z83.inp


        ****************
        ** Input file **
        ****************

 -----
 # test input for z=83 209^Bi
 znucl 83
 rms 5.5211
 muon 1 -1
 nuclmodel 2
 energy_e 0.6 90
 akappa_e 1 8 
 rbox 1e-4 0.5
 nquad_r 1 64
 nquad_k 0 32
 nquad_e 0 64
 print low
 -----



        *************
        ** Options **
        *************

 znucl          = 83
 nuclear_model  =  2
 rms            =  5.5211 [fm]
 n_muon         =  1
 kappa_muon     = -1
 akappa_e       =  1  8
 energy_e       = (0.60, 90.00) [MeV]
 rbox           = (1.00e-04, 5.00e-01) [ru]
 nquad_r        =  1 64
 nquad_k        =  0 32
 nquad_e        =  0 64
 print level    =  0


        **********************************
        ** Beginning of the calculation **
        **********************************
        akappa_e        W_tot(akappa_e)/W0      W_tot/W0        
               1        5.695637675535e-01      5.695637675535e-01
               2        2.113164057904e-01      7.808801733439e-01
               3        5.107507681050e-02      8.319552501544e-01
               4        1.054030501685e-02      8.424955551713e-01
               5        2.016663328465e-03      8.445122184997e-01
               6        3.689777975507e-04      8.448811962973e-01
               7        6.552957392157e-05      8.449467258712e-01
               8        1.139244803053e-05      8.449581183192e-01

 time for (sec):
 -------------------------------------------------------
  total time                                     50.128
  evaluation of j(k*x)                            7.370
  evaluation of psi_e(x)                         41.297
  radial integrals R1_L(k) and R2_L(k)            1.100
 -------------------------------------------------------
 
