Reading input file: ./example/example_z26.inp


        ****************
        ** Input file **
        ****************

 -----
 # test input for z=26 56^Fe
 znucl 26
 rms 3.7377
 muon 1 -1
 nuclmodel 2
 energy_e 0.6 95
 akappa_e 1 15 
 rbox 1e-4 1.25
 nquad_r 1 64
 nquad_k 0 48
 nquad_e 0 64
 print low
 -----



        *************
        ** Options **
        *************

 znucl          = 26
 nuclear_model  =  2
 rms            =  3.7377 [fm]
 n_muon         =  1
 kappa_muon     = -1
 akappa_e       =  1 15
 energy_e       = (0.60, 95.00) [MeV]
 rbox           = (1.00e-04, 1.25e+00) [ru]
 nquad_r        =  1 64
 nquad_k        =  0 48
 nquad_e        =  0 64
 print level    =  0


        **********************************
        ** Beginning of the calculation **
        **********************************
        akappa_e        W_tot(akappa_e)/W0      W_tot/W0        
               1        3.269963845149e-01      3.269963845149e-01
               2        2.657096892923e-01      5.927060738072e-01
               3        1.679142620562e-01      7.606203358635e-01
               4        9.699161126383e-02      8.576119471273e-01
               5        5.353889779521e-02      9.111508449225e-01
               6        2.876118524403e-02      9.399120301665e-01
               7        1.517500425408e-02      9.550870344206e-01
               8        7.905103830086e-03      9.629921382507e-01
               9        4.079018403605e-03      9.670711566543e-01
              10        2.089338022845e-03      9.691604946771e-01
              11        1.063940326416e-03      9.702244350036e-01
              12        5.392019820886e-04      9.707636369857e-01
              13        2.721835583347e-04      9.710358205440e-01
              14        1.369357216327e-04      9.711727562656e-01
              15        6.869512350220e-05      9.712414513891e-01

 time for (sec):
 -------------------------------------------------------
  total time                                    113.913
  evaluation of j(k*x)                           27.839
  evaluation of psi_e(x)                         81.627
  radial integrals R1_L(k) and R2_L(k)            3.353
 -------------------------------------------------------
