Reading input file: ./example/example_z82.inp


        ****************
        ** Input file **
        ****************

 -----
 # test input for z=82 208^Pb
 znucl 82
 rms 5.5012
 muon 1 -1
 nuclmodel 2
 energy_e 0.6 90
 akappa_e 1 10 
 rbox 1e-4 0.5
 nquad_r 1 64
 nquad_k 0 32
 nquad_e 0 64
 print low
 -----



        *************
        ** Options **
        *************

 znucl          = 82
 nuclear_model  =  2
 rms            =  5.5012 [fm]
 n_muon         =  1
 kappa_muon     = -1
 akappa_e       =  1 10
 energy_e       = (0.60, 90.00) [MeV]
 rbox           = (1.00e-04, 5.00e-01) [ru]
 nquad_r        =  1 64
 nquad_k        =  0 32
 nquad_e        =  0 64
 print level    =  0


        **********************************
        ** Beginning of the calculation **
        **********************************
        akappa_e        W_tot(akappa_e)/W0      W_tot/W0        
               1        5.685867270415e-01      5.685867270415e-01
               2        2.127366813797e-01      7.813234084212e-01
               3        5.205059502606e-02      8.333740034472e-01
               4        1.089234957326e-02      8.442663530205e-01
               5        2.114841189258e-03      8.463811942097e-01
               6        3.928241337188e-04      8.467740183435e-01
               7        7.084398949867e-05      8.468448623330e-01
               8        1.250922341001e-05      8.468573715564e-01
               9        2.173954760834e-06      8.468595455111e-01
              10        3.731453241226e-07      8.468599186564e-01

 time for (sec):
 -------------------------------------------------------
  total time                                     65.009
  evaluation of j(k*x)                           10.085
  evaluation of psi_e(x)                         52.947
  radial integrals R1_L(k) and R2_L(k)            1.485
 -------------------------------------------------------
