Reading input file: ./example/example_z40.inp


        ****************
        ** Input file **
        ****************

 -----
 # test input for z=40 90^Zr
 znucl 40
 rms 4.2694
 muon 1 -1
 nuclmodel 2
 energy_e 0.6 95
 akappa_e 1 15 
 rbox 1e-4 1.00
 nquad_r 1 64
 nquad_k 0 48
 nquad_e 0 64
 print low
 -----



        *************
        ** Options **
        *************

 znucl          = 40
 nuclear_model  =  2
 rms            =  4.2694 [fm]
 n_muon         =  1
 kappa_muon     = -1
 akappa_e       =  1 15
 energy_e       = (0.60, 95.00) [MeV]
 rbox           = (1.00e-04, 1.00e+00) [ru]
 nquad_r        =  1 64
 nquad_k        =  0 48
 nquad_e        =  0 64
 print level    =  0


        **********************************
        ** Beginning of the calculation **
        **********************************
        akappa_e        W_tot(akappa_e)/W0      W_tot/W0        
               1        4.495977032449e-01      4.495977032449e-01
               2        2.741645079826e-01      7.237622112275e-01
               3        1.265887897860e-01      8.503510010134e-01
               4        5.304462294425e-02      9.033956239577e-01
               5        2.117729513150e-02      9.245729190892e-01
               6        8.212744542412e-03      9.327856636316e-01
               7        3.123872665279e-03      9.359095362969e-01
               8        1.171878872758e-03      9.370814151696e-01
               9        4.350639661297e-04      9.375164791358e-01
              10        1.602143319581e-04      9.376766934677e-01
              11        5.861719321527e-05      9.377353106609e-01
              12        2.133199456074e-05      9.377566426555e-01
              13        7.728611327755e-06      9.377643712668e-01
              14        2.789511901738e-06      9.377671607787e-01
              15        1.003557787245e-06      9.377681643365e-01

 time for (sec):
 -------------------------------------------------------
  total time                                    112.726
  evaluation of j(k*x)                           27.058
  evaluation of psi_e(x)                         81.225
  radial integrals R1_L(k) and R2_L(k)            3.358
 -------------------------------------------------------
