Reading input file: ./example/example_z20.inp


        ****************
        ** Input file **
        ****************

 -----
 # test input for z=20 40^Ca
 znucl 20
 rms 3.4776
 muon 1 -1
 nuclmodel 2
 energy_e 0.6 95
 akappa_e 1 20 
 rbox 1e-4 1.50
 nquad_r 1 64
 nquad_k 0 48
 nquad_e 0 64
 print low
 -----



        *************
        ** Options **
        *************

 znucl          = 20
 nuclear_model  =  2
 rms            =  3.4776 [fm]
 n_muon         =  1
 kappa_muon     = -1
 akappa_e       =  1 20
 energy_e       = (0.60, 95.00) [MeV]
 rbox           = (1.00e-04, 1.50e+00) [ru]
 nquad_r        =  1 64
 nquad_k        =  0 48
 nquad_e        =  0 64
 print level    =  0


        **********************************
        ** Beginning of the calculation **
        **********************************
        akappa_e        W_tot(akappa_e)/W0      W_tot/W0        
               1        2.506506239719e-01      2.506506239719e-01
               2        2.376805796450e-01      4.883312036169e-01
               3        1.759218176757e-01      6.642530212926e-01
               4        1.189586368917e-01      7.832116581843e-01
               5        7.682641030493e-02      8.600380684893e-01
               6        4.826974178322e-02      9.083078102725e-01
               7        2.978123960311e-02      9.380890498756e-01
               8        1.813970190720e-02      9.562287517828e-01
               9        1.094401448509e-02      9.671727662679e-01
              10        6.554419799320e-03      9.737271860672e-01
              11        3.902682809170e-03      9.776298688764e-01
              12        2.312807438797e-03      9.799426763152e-01
              13        1.365263817749e-03      9.813079401329e-01
              14        8.032751345135e-04      9.821112152674e-01
              15        4.712951700786e-04      9.825825104375e-01
              16        2.758478432886e-04      9.828583582808e-01
              17        1.611123914274e-04      9.830194706722e-01
              18        9.392504295939e-05      9.831133957152e-01
              19        5.466614403708e-05      9.831680618592e-01
              20        3.176996387343e-05      9.831998318231e-01

 time for (sec):
 -------------------------------------------------------
  total time                                    169.434
  evaluation of j(k*x)                           53.199
  evaluation of psi_e(x)                        110.036
  radial integrals R1_L(k) and R2_L(k)            4.660
 -------------------------------------------------------
