Reading input file: ./example/example_z50.inp


        ****************
        ** Input file **
        ****************

 -----
 # test input for z=50 118^Sn
 znucl 50
 rms 4.6393
 muon 1 -1
 nuclmodel 2
 energy_e 0.6 90
 akappa_e 1 12 
 rbox 1e-4 0.90
 nquad_r 1 64
 nquad_k 0 32
 nquad_e 0 64
 print low
 -----



        *************
        ** Options **
        *************

 znucl          = 50
 nuclear_model  =  2
 rms            =  4.6393 [fm]
 n_muon         =  1
 kappa_muon     = -1
 akappa_e       =  1 12
 energy_e       = (0.60, 90.00) [MeV]
 rbox           = (1.00e-04, 9.00e-01) [ru]
 nquad_r        =  1 64
 nquad_k        =  0 32
 nquad_e        =  0 64
 print level    =  0


        **********************************
        ** Beginning of the calculation **
        **********************************
        akappa_e        W_tot(akappa_e)/W0      W_tot/W0        
               1        4.999157287298e-01      4.999157287298e-01
               2        2.617726170076e-01      7.616883457374e-01
               3        1.007055284129e-01      8.623938741503e-01
               4        3.478697662313e-02      8.971808507734e-01
               5        1.139359788357e-02      9.085744486570e-01
               6        3.614370557824e-03      9.121888192148e-01
               7        1.122341798705e-03      9.133111610135e-01
               8        3.432117236720e-04      9.136543727372e-01
               9        1.037492992057e-04      9.137581220364e-01
              10        3.108068504885e-05      9.137892027215e-01
              11        9.243735223903e-06      9.137984464567e-01
              12        2.732856405307e-06      9.138011793131e-01

 time for (sec):
 -------------------------------------------------------
  total time                                     79.711
  evaluation of j(k*x)                           13.091
  evaluation of psi_e(x)                         64.287
  radial integrals R1_L(k) and R2_L(k)            1.763
 -------------------------------------------------------
