Reading input file: ./example/example_z8.inp


        ****************
        ** Input file **
        ****************

 -----
 # test input for z=8 16^O
 znucl 8
 rms 2.6991
 muon 1 -1
 nuclmodel 2
 energy_e 0.6 95
 akappa_e 1 50 
 rbox 1e-4 2.5
 nquad_r 1 64
 nquad_k 0 36
 nquad_e 0 64
 print low
 -----



        *************
        ** Options **
        *************

 znucl          =  8
 nuclear_model  =  2
 rms            =  2.6991 [fm]
 n_muon         =  1
 kappa_muon     = -1
 akappa_e       =  1 50
 energy_e       = (0.60, 95.00) [MeV]
 rbox           = (1.00e-04, 2.50e+00) [ru]
 nquad_r        =  1 64
 nquad_k        =  0 36
 nquad_e        =  0 64
 print level    =  0


        **********************************
        ** Beginning of the calculation **
        **********************************
        akappa_e        W_tot(akappa_e)/W0      W_tot/W0        
               1        7.059785713666e-02      7.059785713666e-02
               2        9.829913328445e-02      1.688969904211e-01
               3        1.054063828668e-01      2.743033732879e-01
               4        1.021853739611e-01      3.764887472491e-01
               5        9.396439907822e-02      4.704531463273e-01
               6        8.368978275974e-02      5.541429290870e-01
               7        7.295459487069e-02      6.270975239577e-01
               8        6.265427630761e-02      6.897518002653e-01
               9        5.319806122443e-02      7.429498614898e-01
              10        4.479007025809e-02      7.877399317478e-01
              11        3.745124276542e-02      8.251911745133e-01
              12        3.114382731891e-02      8.563350018322e-01
              13        2.578561439204e-02      8.821206162242e-01
              14        2.126283666423e-02      9.033834528885e-01
              15        1.748438953963e-02      9.208678424281e-01
              16        1.433199451345e-02      9.351998369415e-01
              17        1.172419957313e-02      9.469240365147e-01
              18        9.569522031745e-03      9.564935585464e-01
              19        7.796074550286e-03      9.642896330967e-01
              20        6.342733430795e-03      9.706323665275e-01
              21        5.150989307038e-03      9.757833558345e-01
              22        4.179088399750e-03      9.799624442343e-01
              23        3.386054302869e-03      9.833484985372e-01
              24        2.740480000304e-03      9.860889785375e-01
              25        2.216263697901e-03      9.883052422354e-01
              26        1.790324193096e-03      9.900955664285e-01
              27        1.445286181063e-03      9.915408526095e-01
              28        1.165841159615e-03      9.927066937691e-01
              29        9.396913434099e-04      9.936463851125e-01
              30        7.570103123985e-04      9.944033954249e-01
              31        6.094271504174e-04      9.950128225754e-01
              32        4.903444846891e-04      9.955031670600e-01
              33        3.943397300468e-04      9.958975067901e-01
              34        3.169582044927e-04      9.962144649946e-01
              35        2.546495322586e-04      9.964691145268e-01
              36        2.045009284381e-04      9.966736154553e-01
              37        1.641564819711e-04      9.968377719373e-01
              38        1.317218015851e-04      9.969694937388e-01
              39        1.056559335417e-04      9.970751496724e-01
              40        8.471755961905e-05      9.971598672320e-01
              41        6.790629100862e-05      9.972277735230e-01
              42        5.441340093638e-05      9.972821869239e-01
              43        4.358809539594e-05      9.973257750193e-01
              44        3.490631257613e-05      9.973606813319e-01
              45        2.794587973230e-05      9.973886272117e-01
              46        2.236736488809e-05      9.974109945765e-01
              47        1.789783328757e-05      9.974288924098e-01
              48        1.431787408522e-05      9.974432102839e-01
              49        1.145126270053e-05      9.974546615466e-01
              50        9.156491167419e-06      9.974638180378e-01

 time for (sec):
 -------------------------------------------------------
  total time                                    503.466
  evaluation of j(k*x)                          206.867
  evaluation of psi_e(x)                        285.019
  radial integrals R1_L(k) and R2_L(k)            8.754
 -------------------------------------------------------

