Reading input file: ./example/example_z42.inp


        ****************
        ** Input file **
        ****************

 -----
 # test input for z=42 96^Mo
 znucl 42
 rms 4.3847
 muon 1 -1
 nuclmodel 2
 energy_e 0.6 95
 akappa_e 1 15 
 rbox 1e-4 1.00
 nquad_r 1 64
 nquad_k 0 48
 nquad_e 0 64
 print low
 -----



        *************
        ** Options **
        *************

 znucl          = 42
 nuclear_model  =  2
 rms            =  4.3847 [fm]
 n_muon         =  1
 kappa_muon     = -1
 akappa_e       =  1 15
 energy_e       = (0.60, 95.00) [MeV]
 rbox           = (1.00e-04, 1.00e+00) [ru]
 nquad_r        =  1 64
 nquad_k        =  0 48
 nquad_e        =  0 64
 print level    =  0


        **********************************
        ** Beginning of the calculation **
        **********************************
        akappa_e        W_tot(akappa_e)/W0      W_tot/W0        
               1        4.605590544219e-01      4.605590544219e-01
               2        2.726420908122e-01      7.332011452341e-01
               3        1.214260323901e-01      8.546271776242e-01
               4        4.896718823315e-02      9.035943658574e-01
               5        1.879429640896e-02      9.223886622663e-01
               6        7.002602695978e-03      9.293912649623e-01
               7        2.557932217175e-03      9.319491971795e-01
               8        9.212153237509e-04      9.328704125033e-01
               9        3.282495221265e-04      9.331986620254e-01
              10        1.159942737553e-04      9.333146562991e-01
              11        4.071662859884e-05      9.333553729277e-01
              12        1.421441825337e-05      9.333695873460e-01
              13        4.939673913456e-06      9.333745270199e-01
              14        1.709935668005e-06      9.333762369556e-01
              15        5.899429529898e-07      9.333768268985e-01

 time for (sec):
 -------------------------------------------------------
  total time                                    114.158
  evaluation of j(k*x)                           27.554
  evaluation of psi_e(x)                         81.939
  radial integrals R1_L(k) and R2_L(k)            3.538
 -------------------------------------------------------
