Reading input file: ./example/example_z13.inp


        ****************
        ** Input file **
        ****************

 -----
 # test input for z=13 27^Al
 znucl 13
 rms 3.0610
 muon 1 -1
 nuclmodel 2
 energy_e 0.6 95
 akappa_e 1 35 
 rbox 1e-4 2.00
 nquad_r 1 64
 nquad_k 0 36
 nquad_e 0 64
 print low
 -----



        *************
        ** Options **
        *************

 znucl          = 13
 nuclear_model  =  2
 rms            =  3.0610 [fm]
 n_muon         =  1
 kappa_muon     = -1
 akappa_e       =  1 35
 energy_e       = (0.60, 95.00) [MeV]
 rbox           = (1.00e-04, 2.00e+00) [ru]
 nquad_r        =  1 64
 nquad_k        =  0 36
 nquad_e        =  0 64
 print level    =  0


        **********************************
        ** Beginning of the calculation **
        **********************************
        akappa_e        W_tot(akappa_e)/W0      W_tot/W0        
               1        1.462989465074e-01      1.462989465074e-01
               2        1.710171594506e-01      3.173161059580e-01
               3        1.554607200635e-01      4.727768260216e-01
               4        1.285661566823e-01      6.013429827039e-01
               5        1.012682156888e-01      7.026111983927e-01
               6        7.746251646083e-02      7.800737148535e-01
               7        5.811551932794e-02      8.381892341815e-01
               8        4.300834091115e-02      8.811975750926e-01
               9        3.150784319442e-02      9.127054182870e-01
              10        2.290411607618e-02      9.356095343632e-01
              11        1.654806630359e-02      9.521576006668e-01
              12        1.189682023316e-02      9.640544209000e-01
              13        8.518118117982e-03      9.725725390179e-01
              14        6.078186643125e-03      9.786507256611e-01
              15        4.324603189068e-03      9.829753288501e-01
              16        3.069289633627e-03      9.860446184838e-01
              17        2.173660107433e-03      9.882182785912e-01
              18        1.536469690790e-03      9.897547482820e-01
              19        1.084254180234e-03      9.908390024622e-01
              20        7.639997425416e-04      9.916030022048e-01
              21        5.376231572915e-04      9.921406253621e-01
              22        3.778704190196e-04      9.925184957811e-01
              23        2.653000333054e-04      9.927837958144e-01
              24        1.860817426501e-04      9.929698775570e-01
              25        1.304005039476e-04      9.931002780610e-01
              26        9.130533684804e-05      9.931915833978e-01
              27        6.388264310132e-05      9.932554660409e-01
              28        4.466471134384e-05      9.933001307523e-01
              29        3.120781974783e-05      9.933313385720e-01
              30        2.179211842013e-05      9.933531306904e-01
              31        1.520864042185e-05      9.933683393309e-01
              32        1.060845755479e-05      9.933789477884e-01
              33        7.396042853061e-06      9.933863438313e-01
              34        5.154006451130e-06      9.933914978377e-01
              35        3.590051586967e-06      9.933950878893e-01

 time for (sec):
 -------------------------------------------------------
  total time                                    322.943
  evaluation of j(k*x)                          118.285
  evaluation of psi_e(x)                        196.427
  radial integrals R1_L(k) and R2_L(k)            6.177
 -------------------------------------------------------
