Reading input file: ./example/example_z14.inp


        ****************
        ** Input file **
        ****************

 -----
 # test input for z=14 28^Si
 znucl 14
 rms 3.1224
 muon 1 -1
 nuclmodel 2
 energy_e 0.6 95
 akappa_e 1 30 
 rbox 1e-4 1.75
 nquad_r 1 64
 nquad_k 0 36
 nquad_e 0 64
 print low
 -----



        *************
        ** Options **
        *************

 znucl          = 14
 nuclear_model  =  2
 rms            =  3.1224 [fm]
 n_muon         =  1
 kappa_muon     = -1
 akappa_e       =  1 30
 energy_e       = (0.60, 95.00) [MeV]
 rbox           = (1.00e-04, 1.75e+00) [ru]
 nquad_r        =  1 64
 nquad_k        =  0 36
 nquad_e        =  0 64
 print level    =  0


        **********************************
        ** Beginning of the calculation **
        **********************************
        akappa_e        W_tot(akappa_e)/W0      W_tot/W0        
               1        1.618513305184e-01      1.618513305184e-01
               2        1.831852547006e-01      3.450365852189e-01
               3        1.614269753464e-01      5.064635605654e-01
               4        1.295336028860e-01      6.359971634514e-01
               5        9.905605621899e-02      7.350532196703e-01
               6        7.358981501652e-02      8.086430346869e-01
               7        5.363533233773e-02      8.622783670246e-01
               8        3.856790000213e-02      9.008462670267e-01
               9        2.745783812645e-02      9.283041051532e-01
              10        1.939904979596e-02      9.477031549491e-01
              11        1.362284045341e-02      9.613259954025e-01
              12        9.519876325807e-03      9.708458717283e-01
              13        6.625898864182e-03      9.774717705925e-01
              14        4.596130260151e-03      9.820679008527e-01
              15        3.179031362084e-03      9.852469322148e-01
              16        2.193447296495e-03      9.874403795113e-01
              17        1.510185416473e-03      9.889505649277e-01
              18        1.037812454126e-03      9.899883773819e-01
              19        7.120129726102e-04      9.907003903545e-01
              20        4.877717050351e-04      9.911881620595e-01
              21        3.337119888429e-04      9.915218740483e-01
              22        2.280396658409e-04      9.917499137142e-01
              23        1.556614763393e-04      9.919055751905e-01
              24        1.061515158865e-04      9.920117267064e-01
              25        7.232396240972e-05      9.920840506688e-01
              26        4.923582783497e-05      9.921332864967e-01
              27        3.349280397843e-05      9.921667793006e-01
              28        2.276763626847e-05      9.921895469369e-01
              29        1.546687989956e-05      9.922050138168e-01
              30        1.050087729719e-05      9.922155146941e-01

 time for (sec):
 -------------------------------------------------------
  total time                                    265.632
  evaluation of j(k*x)                           89.203
  evaluation of psi_e(x)                        169.341
  radial integrals R1_L(k) and R2_L(k)            5.324
 -------------------------------------------------------
